<?xml version="1.0" encoding="UTF-8"?>
<!-- Generated by org.testng.reporters.JUnitReportReporter -->
<testsuite hostname="DESKTOP-6HLUR35" name="TestModels.TestCaiptal" tests="2" failures="0" timestamp="29 Dec 2020 15:28:39 GMT" time="5.145" errors="0">
  <testcase name="positiveScenarioTest" time="3.713" classname="TestModels.TestCaiptal"/>
  <testcase name="negativeScenarioTest" time="1.432" classname="TestModels.TestCaiptal"/>
</testsuite> <!-- TestModels.TestCaiptal -->
