<?xml version="1.0" encoding="UTF-8"?>
<!-- Generated by org.testng.reporters.JUnitReportReporter -->
<testsuite hostname="DESKTOP-6HLUR35" name="TestModels.TestCapital" tests="2" failures="0" timestamp="30 Dec 2020 06:04:11 GMT" time="5.389" errors="0">
  <testcase name="positiveScenarioTest" time="3.734" classname="TestModels.TestCapital"/>
  <testcase name="negativeScenarioTest" time="1.655" classname="TestModels.TestCapital"/>
</testsuite> <!-- TestModels.TestCapital -->
